# JRE version: OpenJDK Runtime Environment (11.0.12+7) (build 11.0.12+7-b1504.28-7817840)
# Java VM: OpenJDK 64-Bit Server VM (11.0.12+7-b1504.28-7817840, mixed mode, tiered, compressed oops, g1 gc, windows-amd64)
Heap:
 garbage-first heap   total 189440K, used 137386K [0x0000000080000000, 0x0000000100000000)
  region size 1024K, 18 young (18432K), 4 survivors (4096K)
 Metaspace       used 94655K, capacity 96909K, committed 97196K, reserved 1132544K
  class space    used 12350K, capacity 13184K, committed 13312K, reserved 1048576K
GC Heap History (20 events):
Event: 43.413 GC heap before
{Heap before GC invocations=20 (full 0):
 garbage-first heap   total 131072K, used 104861K [0x0000000080000000, 0x0000000100000000)
  region size 1024K, 40 young (40960K), 2 survivors (2048K)
 Metaspace       used 79125K, capacity 80935K, committed 81068K, reserved 1120256K
  class space    used 10330K, capacity 10950K, committed 11008K, reserved 1048576K
}
Event: 43.417 GC heap after
{Heap after GC invocations=21 (full 0):
 garbage-first heap   total 131072K, used 66974K [0x0000000080000000, 0x0000000100000000)
  region size 1024K, 3 young (3072K), 3 survivors (3072K)
 Metaspace       used 79125K, capacity 80935K, committed 81068K, reserved 1120256K
  class space    used 10330K, capacity 10950K, committed 11008K, reserved 1048576K
}
Event: 43.905 GC heap before
{Heap before GC invocations=22 (full 0):
 garbage-first heap   total 131072K, used 106910K [0x0000000080000000, 0x0000000100000000)
  region size 1024K, 42 young (43008K), 3 survivors (3072K)
 Metaspace       used 81754K, capacity 83595K, committed 83884K, reserved 1122304K
  class space    used 10727K, capacity 11394K, committed 11520K, reserved 1048576K
}
Event: 43.910 GC heap after
{Heap after GC invocations=23 (full 0):
 garbage-first heap   total 131072K, used 69217K [0x0000000080000000, 0x0000000100000000)
  region size 1024K, 5 young (5120K), 5 survivors (5120K)
 Metaspace       used 81754K, capacity 83595K, committed 83884K, reserved 1122304K
  class space    used 10727K, capacity 11394K, committed 11520K, reserved 1048576K
}
Event: 44.382 GC heap before
{Heap before GC invocations=23 (full 0):
 garbage-first heap   total 131072K, used 108129K [0x0000000080000000, 0x0000000100000000)
  region size 1024K, 43 young (44032K), 5 survivors (5120K)
 Metaspace       used 86086K, capacity 88007K, committed 88236K, reserved 1126400K
  class space    used 11310K, capacity 12019K, committed 12032K, reserved 1048576K
}
Event: 44.390 GC heap after
{Heap after GC invocations=24 (full 0):
 garbage-first heap   total 131072K, used 71574K [0x0000000080000000, 0x0000000100000000)
  region size 1024K, 5 young (5120K), 5 survivors (5120K)
 Metaspace       used 86086K, capacity 88007K, committed 88236K, reserved 1126400K
  class space    used 11310K, capacity 12019K, committed 12032K, reserved 1048576K
}
Event: 44.788 GC heap before
{Heap before GC invocations=25 (full 0):
 garbage-first heap   total 131072K, used 109462K [0x0000000080000000, 0x0000000100000000)
  region size 1024K, 42 young (43008K), 5 survivors (5120K)
 Metaspace       used 87796K, capacity 89777K, committed 90028K, reserved 1126400K
  class space    used 11517K, capacity 12234K, committed 12288K, reserved 1048576K
}
Event: 44.797 GC heap after
{Heap after GC invocations=26 (full 0):
 garbage-first heap   total 131072K, used 75334K [0x0000000080000000, 0x0000000100000000)
  region size 1024K, 6 young (6144K), 6 survivors (6144K)
 Metaspace       used 87796K, capacity 89777K, committed 90028K, reserved 1126400K
  class space    used 11517K, capacity 12234K, committed 12288K, reserved 1048576K
}
Event: 45.452 GC heap before
{Heap before GC invocations=26 (full 0):
 garbage-first heap   total 131072K, used 109126K [0x0000000080000000, 0x0000000100000000)
  region size 1024K, 39 young (39936K), 6 survivors (6144K)
 Metaspace       used 90351K, capacity 92608K, committed 92844K, reserved 1130496K
  class space    used 11927K, capacity 12754K, committed 12800K, reserved 1048576K
}
Event: 45.463 GC heap after
{Heap after GC invocations=27 (full 0):
 garbage-first heap   total 131072K, used 78205K [0x0000000080000000, 0x0000000100000000)
  region size 1024K, 3 young (3072K), 3 survivors (3072K)
 Metaspace       used 90351K, capacity 92608K, committed 92844K, reserved 1130496K
  class space    used 11927K, capacity 12754K, committed 12800K, reserved 1048576K
}
Event: 45.822 GC heap before
{Heap before GC invocations=28 (full 0):
 garbage-first heap   total 131072K, used 108925K [0x0000000080000000, 0x0000000100000000)
  region size 1024K, 34 young (34816K), 3 survivors (3072K)
 Metaspace       used 90913K, capacity 93220K, committed 93484K, reserved 1130496K
  class space    used 12021K, capacity 12895K, committed 12928K, reserved 1048576K
}
Event: 45.829 GC heap after
{Heap after GC invocations=29 (full 0):
 garbage-first heap   total 157696K, used 80110K [0x0000000080000000, 0x0000000100000000)
  region size 1024K, 5 young (5120K), 5 survivors (5120K)
 Metaspace       used 90913K, capacity 93220K, committed 93484K, reserved 1130496K
  class space    used 12021K, capacity 12895K, committed 12928K, reserved 1048576K
}
Event: 46.217 GC heap before
{Heap before GC invocations=29 (full 0):
 garbage-first heap   total 157696K, used 121070K [0x0000000080000000, 0x0000000100000000)
  region size 1024K, 46 young (47104K), 5 survivors (5120K)
 Metaspace       used 91287K, capacity 93577K, committed 93868K, reserved 1130496K
  class space    used 12049K, capacity 12940K, committed 13056K, reserved 1048576K
}
Event: 46.225 GC heap after
{Heap after GC invocations=30 (full 0):
 garbage-first heap   total 157696K, used 82869K [0x0000000080000000, 0x0000000100000000)
  region size 1024K, 6 young (6144K), 6 survivors (6144K)
 Metaspace       used 91287K, capacity 93577K, committed 93868K, reserved 1130496K
  class space    used 12049K, capacity 12940K, committed 13056K, reserved 1048576K
}
Event: 46.649 GC heap before
{Heap before GC invocations=31 (full 0):
 garbage-first heap   total 157696K, used 125877K [0x0000000080000000, 0x0000000100000000)
  region size 1024K, 47 young (48128K), 6 survivors (6144K)
 Metaspace       used 92980K, capacity 95388K, committed 95532K, reserved 1132544K
  class space    used 12191K, capacity 13073K, committed 13184K, reserved 1048576K
}
Event: 46.662 GC heap after
{Heap after GC invocations=32 (full 0):
 garbage-first heap   total 157696K, used 97580K [0x0000000080000000, 0x0000000100000000)
  region size 1024K, 6 young (6144K), 6 survivors (6144K)
 Metaspace       used 92980K, capacity 95388K, committed 95532K, reserved 1132544K
  class space    used 12191K, capacity 13073K, committed 13184K, reserved 1048576K
}
Event: 46.830 GC heap before
{Heap before GC invocations=32 (full 0):
 garbage-first heap   total 157696K, used 121132K [0x0000000080000000, 0x0000000100000000)
  region size 1024K, 30 young (30720K), 6 survivors (6144K)
 Metaspace       used 93438K, capacity 95839K, committed 96044K, reserved 1132544K
  class space    used 12245K, capacity 13138K, committed 13184K, reserved 1048576K
}
Event: 46.839 GC heap after
{Heap after GC invocations=33 (full 0):
 garbage-first heap   total 157696K, used 102459K [0x0000000080000000, 0x0000000100000000)
  region size 1024K, 4 young (4096K), 4 survivors (4096K)
 Metaspace       used 93438K, capacity 95839K, committed 96044K, reserved 1132544K
  class space    used 12245K, capacity 13138K, committed 13184K, reserved 1048576K
}
Event: 47.079 GC heap before
{Heap before GC invocations=34 (full 0):
 garbage-first heap   total 157696K, used 119867K [0x0000000080000000, 0x0000000100000000)
  region size 1024K, 16 young (16384K), 4 survivors (4096K)
 Metaspace       used 93362K, capacity 95630K, committed 96044K, reserved 1132544K
  class space    used 12190K, capacity 13021K, committed 13184K, reserved 1048576K
}
Event: 47.093 GC heap after
{Heap after GC invocations=35 (full 0):
 garbage-first heap   total 189440K, used 114858K [0x0000000080000000, 0x0000000100000000)
  region size 1024K, 4 young (4096K), 4 survivors (4096K)
 Metaspace       used 93362K, capacity 95630K, committed 96044K, reserved 1132544K
  class space    used 12190K, capacity 13021K, committed 13184K, reserved 1048576K
}

