# JRE version: OpenJDK Runtime Environment (11.0.12+7) (build 11.0.12+7-b1504.28-7817840)
# Java VM: OpenJDK 64-Bit Server VM (11.0.12+7-b1504.28-7817840, mixed mode, tiered, compressed oops, g1 gc, windows-amd64)
Heap:
 garbage-first heap   total 189440K, used 51750K [0x0000000080000000, 0x0000000100000000)
  region size 1024K, 7 young (7168K), 7 survivors (7168K)
 Metaspace       used 64469K, capacity 65996K, committed 66056K, reserved 1105920K
  class space    used 8212K, capacity 8770K, committed 8784K, reserved 1048576K
GC Heap History (20 events):
Event: 1.293 GC heap after
{Heap after GC invocations=1 (full 0):
 garbage-first heap   total 131072K, used 9130K [0x0000000080000000, 0x0000000100000000)
  region size 1024K, 3 young (3072K), 3 survivors (3072K)
 Metaspace       used 9872K, capacity 10114K, committed 10368K, reserved 1058816K
  class space    used 1027K, capacity 1102K, committed 1152K, reserved 1048576K
}
Event: 1.864 GC heap before
{Heap before GC invocations=1 (full 0):
 garbage-first heap   total 131072K, used 30634K [0x0000000080000000, 0x0000000100000000)
  region size 1024K, 24 young (24576K), 3 survivors (3072K)
 Metaspace       used 10804K, capacity 11005K, committed 11264K, reserved 1058816K
  class space    used 1129K, capacity 1207K, committed 1280K, reserved 1048576K
}
Event: 1.870 GC heap after
{Heap after GC invocations=2 (full 0):
 garbage-first heap   total 131072K, used 10245K [0x0000000080000000, 0x0000000100000000)
  region size 1024K, 1 young (1024K), 1 survivors (1024K)
 Metaspace       used 10804K, capacity 11005K, committed 11264K, reserved 1058816K
  class space    used 1129K, capacity 1207K, committed 1280K, reserved 1048576K
}
Event: 4.316 GC heap before
{Heap before GC invocations=2 (full 0):
 garbage-first heap   total 131072K, used 63493K [0x0000000080000000, 0x0000000100000000)
  region size 1024K, 52 young (53248K), 1 survivors (1024K)
 Metaspace       used 17569K, capacity 17967K, committed 18176K, reserved 1064960K
  class space    used 2077K, capacity 2209K, committed 2304K, reserved 1048576K
}
Event: 4.343 GC heap after
{Heap after GC invocations=3 (full 0):
 garbage-first heap   total 131072K, used 16612K [0x0000000080000000, 0x0000000100000000)
  region size 1024K, 7 young (7168K), 7 survivors (7168K)
 Metaspace       used 17569K, capacity 17967K, committed 18176K, reserved 1064960K
  class space    used 2077K, capacity 2209K, committed 2304K, reserved 1048576K
}
Event: 4.815 GC heap before
{Heap before GC invocations=3 (full 0):
 garbage-first heap   total 131072K, used 46308K [0x0000000080000000, 0x0000000100000000)
  region size 1024K, 37 young (37888K), 7 survivors (7168K)
 Metaspace       used 20772K, capacity 21149K, committed 21296K, reserved 1069056K
  class space    used 2562K, capacity 2716K, committed 2816K, reserved 1048576K
}
Event: 4.830 GC heap after
{Heap after GC invocations=4 (full 0):
 garbage-first heap   total 131072K, used 17717K [0x0000000080000000, 0x0000000100000000)
  region size 1024K, 2 young (2048K), 2 survivors (2048K)
 Metaspace       used 20772K, capacity 21149K, committed 21296K, reserved 1069056K
  class space    used 2562K, capacity 2716K, committed 2816K, reserved 1048576K
}
Event: 5.841 GC heap before
{Heap before GC invocations=5 (full 0):
 garbage-first heap   total 131072K, used 70965K [0x0000000080000000, 0x0000000100000000)
  region size 1024K, 54 young (55296K), 2 survivors (2048K)
 Metaspace       used 26545K, capacity 27165K, committed 27264K, reserved 1073152K
  class space    used 3464K, capacity 3668K, committed 3712K, reserved 1048576K
}
Event: 5.848 GC heap after
{Heap after GC invocations=6 (full 0):
 garbage-first heap   total 131072K, used 19506K [0x0000000080000000, 0x0000000100000000)
  region size 1024K, 3 young (3072K), 3 survivors (3072K)
 Metaspace       used 26545K, capacity 27165K, committed 27264K, reserved 1073152K
  class space    used 3464K, capacity 3668K, committed 3712K, reserved 1048576K
}
Event: 7.166 GC heap before
{Heap before GC invocations=6 (full 0):
 garbage-first heap   total 131072K, used 77874K [0x0000000080000000, 0x0000000100000000)
  region size 1024K, 61 young (62464K), 3 survivors (3072K)
 Metaspace       used 35004K, capacity 35835K, committed 35920K, reserved 1081344K
  class space    used 4557K, capacity 4879K, committed 4944K, reserved 1048576K
}
Event: 7.182 GC heap after
{Heap after GC invocations=7 (full 0):
 garbage-first heap   total 131072K, used 22905K [0x0000000080000000, 0x0000000100000000)
  region size 1024K, 7 young (7168K), 7 survivors (7168K)
 Metaspace       used 35004K, capacity 35835K, committed 35920K, reserved 1081344K
  class space    used 4557K, capacity 4879K, committed 4944K, reserved 1048576K
}
Event: 8.274 GC heap before
{Heap before GC invocations=8 (full 0):
 garbage-first heap   total 131072K, used 86393K [0x0000000080000000, 0x0000000100000000)
  region size 1024K, 67 young (68608K), 7 survivors (7168K)
 Metaspace       used 39790K, capacity 40710K, committed 40784K, reserved 1085440K
  class space    used 5106K, capacity 5433K, committed 5456K, reserved 1048576K
}
Event: 8.289 GC heap after
{Heap after GC invocations=9 (full 0):
 garbage-first heap   total 157696K, used 28094K [0x0000000080000000, 0x0000000100000000)
  region size 1024K, 9 young (9216K), 9 survivors (9216K)
 Metaspace       used 39790K, capacity 40710K, committed 40784K, reserved 1085440K
  class space    used 5106K, capacity 5433K, committed 5456K, reserved 1048576K
}
Event: 9.790 GC heap before
{Heap before GC invocations=9 (full 0):
 garbage-first heap   total 157696K, used 107966K [0x0000000080000000, 0x0000000100000000)
  region size 1024K, 87 young (89088K), 9 survivors (9216K)
 Metaspace       used 46656K, capacity 47830K, committed 47952K, reserved 1091584K
  class space    used 6018K, capacity 6412K, committed 6480K, reserved 1048576K
}
Event: 9.804 GC heap after
{Heap after GC invocations=10 (full 0):
 garbage-first heap   total 157696K, used 31043K [0x0000000080000000, 0x0000000100000000)
  region size 1024K, 9 young (9216K), 9 survivors (9216K)
 Metaspace       used 46656K, capacity 47830K, committed 47952K, reserved 1091584K
  class space    used 6018K, capacity 6412K, committed 6480K, reserved 1048576K
}
Event: 11.546 GC heap before
{Heap before GC invocations=10 (full 0):
 garbage-first heap   total 157696K, used 118083K [0x0000000080000000, 0x0000000100000000)
  region size 1024K, 90 young (92160K), 9 survivors (9216K)
 Metaspace       used 51001K, capacity 52377K, committed 52688K, reserved 1095680K
  class space    used 6514K, capacity 6995K, committed 7120K, reserved 1048576K
}
Event: 11.564 GC heap after
{Heap after GC invocations=11 (full 0):
 garbage-first heap   total 157696K, used 44817K [0x0000000080000000, 0x0000000100000000)
  region size 1024K, 12 young (12288K), 12 survivors (12288K)
 Metaspace       used 51001K, capacity 52377K, committed 52688K, reserved 1095680K
  class space    used 6514K, capacity 6995K, committed 7120K, reserved 1048576K
}
Event: 12.541 GC heap before
{Heap before GC invocations=11 (full 0):
 garbage-first heap   total 157696K, used 94993K [0x0000000080000000, 0x0000000100000000)
  region size 1024K, 62 young (63488K), 12 survivors (12288K)
 Metaspace       used 58640K, capacity 60107K, committed 60296K, reserved 1101824K
  class space    used 7474K, capacity 8009K, committed 8144K, reserved 1048576K
}
Event: 12.561 GC heap after
{Heap after GC invocations=12 (full 0):
 garbage-first heap   total 157696K, used 47509K [0x0000000080000000, 0x0000000100000000)
  region size 1024K, 3 young (3072K), 3 survivors (3072K)
 Metaspace       used 58640K, capacity 60107K, committed 60296K, reserved 1101824K
  class space    used 7474K, capacity 8009K, committed 8144K, reserved 1048576K
}
Event: 13.390 GC heap before
{Heap before GC invocations=13 (full 0):
 garbage-first heap   total 157696K, used 108949K [0x0000000080000000, 0x0000000100000000)
  region size 1024K, 64 young (65536K), 3 survivors (3072K)
 Metaspace       used 64469K, capacity 65996K, committed 66056K, reserved 1105920K
  class space    used 8212K, capacity 8770K, committed 8784K, reserved 1048576K
}

