# JRE version: OpenJDK Runtime Environment (11.0.12+7) (build 11.0.12+7-b1504.28-7817840)
# Java VM: OpenJDK 64-Bit Server VM (11.0.12+7-b1504.28-7817840, mixed mode, tiered, compressed oops, g1 gc, windows-amd64)
Heap:
 garbage-first heap   total 189440K, used 66661K [0x0000000080000000, 0x0000000100000000)
  region size 1024K, 3 young (3072K), 3 survivors (3072K)
 Metaspace       used 79152K, capacity 80912K, committed 81092K, reserved 1120256K
  class space    used 10350K, capacity 10985K, committed 11104K, reserved 1048576K
GC Heap History (20 events):
Event: 4.267 GC heap after
{Heap after GC invocations=7 (full 0):
 garbage-first heap   total 131072K, used 22558K [0x0000000080000000, 0x0000000100000000)
  region size 1024K, 7 young (7168K), 7 survivors (7168K)
 Metaspace       used 35352K, capacity 36175K, committed 36480K, reserved 1081344K
  class space    used 4604K, capacity 4929K, committed 4992K, reserved 1048576K
}
Event: 5.101 GC heap before
{Heap before GC invocations=7 (full 0):
 garbage-first heap   total 131072K, used 87070K [0x0000000080000000, 0x0000000100000000)
  region size 1024K, 68 young (69632K), 7 survivors (7168K)
 Metaspace       used 39892K, capacity 40843K, committed 41088K, reserved 1085440K
  class space    used 5111K, capacity 5434K, committed 5504K, reserved 1048576K
}
Event: 5.110 GC heap after
{Heap after GC invocations=8 (full 0):
 garbage-first heap   total 131072K, used 27524K [0x0000000080000000, 0x0000000100000000)
  region size 1024K, 9 young (9216K), 9 survivors (9216K)
 Metaspace       used 39892K, capacity 40843K, committed 41088K, reserved 1085440K
  class space    used 5111K, capacity 5434K, committed 5504K, reserved 1048576K
}
Event: 5.689 GC heap before
{Heap before GC invocations=8 (full 0):
 garbage-first heap   total 131072K, used 79748K [0x0000000080000000, 0x0000000100000000)
  region size 1024K, 60 young (61440K), 9 survivors (9216K)
 Metaspace       used 44853K, capacity 45922K, committed 46080K, reserved 1089536K
  class space    used 5753K, capacity 6137K, committed 6144K, reserved 1048576K
}
Event: 5.705 GC heap after
{Heap after GC invocations=9 (full 0):
 garbage-first heap   total 131072K, used 29847K [0x0000000080000000, 0x0000000100000000)
  region size 1024K, 3 young (3072K), 3 survivors (3072K)
 Metaspace       used 44853K, capacity 45922K, committed 46080K, reserved 1089536K
  class space    used 5753K, capacity 6137K, committed 6144K, reserved 1048576K
}
Event: 6.480 GC heap before
{Heap before GC invocations=10 (full 0):
 garbage-first heap   total 131072K, used 93335K [0x0000000080000000, 0x0000000100000000)
  region size 1024K, 65 young (66560K), 3 survivors (3072K)
 Metaspace       used 48112K, capacity 49327K, committed 49356K, reserved 1091584K
  class space    used 6185K, capacity 6631K, committed 6656K, reserved 1048576K
}
Event: 6.487 GC heap after
{Heap after GC invocations=11 (full 0):
 garbage-first heap   total 157696K, used 32434K [0x0000000080000000, 0x0000000100000000)
  region size 1024K, 6 young (6144K), 6 survivors (6144K)
 Metaspace       used 48112K, capacity 49327K, committed 49356K, reserved 1091584K
  class space    used 6185K, capacity 6631K, committed 6656K, reserved 1048576K
}
Event: 7.552 GC heap before
{Heap before GC invocations=11 (full 0):
 garbage-first heap   total 157696K, used 110258K [0x0000000080000000, 0x0000000100000000)
  region size 1024K, 79 young (80896K), 6 survivors (6144K)
 Metaspace       used 55758K, capacity 57221K, committed 57292K, reserved 1099776K
  class space    used 7127K, capacity 7647K, committed 7680K, reserved 1048576K
}
Event: 7.562 GC heap after
{Heap after GC invocations=12 (full 0):
 garbage-first heap   total 157696K, used 44839K [0x0000000080000000, 0x0000000100000000)
  region size 1024K, 10 young (10240K), 10 survivors (10240K)
 Metaspace       used 55758K, capacity 57221K, committed 57292K, reserved 1099776K
  class space    used 7127K, capacity 7647K, committed 7680K, reserved 1048576K
}
Event: 8.443 GC heap before
{Heap before GC invocations=12 (full 0):
 garbage-first heap   total 157696K, used 113447K [0x0000000080000000, 0x0000000100000000)
  region size 1024K, 78 young (79872K), 10 survivors (10240K)
 Metaspace       used 63520K, capacity 65088K, committed 65228K, reserved 1105920K
  class space    used 8075K, capacity 8639K, committed 8704K, reserved 1048576K
}
Event: 8.456 GC heap after
{Heap after GC invocations=13 (full 0):
 garbage-first heap   total 157696K, used 50735K [0x0000000080000000, 0x0000000100000000)
  region size 1024K, 6 young (6144K), 6 survivors (6144K)
 Metaspace       used 63520K, capacity 65088K, committed 65228K, reserved 1105920K
  class space    used 8075K, capacity 8639K, committed 8704K, reserved 1048576K
}
Event: 9.068 GC heap before
{Heap before GC invocations=13 (full 0):
 garbage-first heap   total 157696K, used 118319K [0x0000000080000000, 0x0000000100000000)
  region size 1024K, 71 young (72704K), 6 survivors (6144K)
 Metaspace       used 65937K, capacity 67649K, committed 67916K, reserved 1107968K
  class space    used 8422K, capacity 9034K, committed 9088K, reserved 1048576K
}
Event: 9.078 GC heap after
{Heap after GC invocations=14 (full 0):
 garbage-first heap   total 157696K, used 55836K [0x0000000080000000, 0x0000000100000000)
  region size 1024K, 5 young (5120K), 5 survivors (5120K)
 Metaspace       used 65937K, capacity 67649K, committed 67916K, reserved 1107968K
  class space    used 8422K, capacity 9034K, committed 9088K, reserved 1048576K
}
Event: 9.822 GC heap before
{Heap before GC invocations=14 (full 0):
 garbage-first heap   total 157696K, used 121372K [0x0000000080000000, 0x0000000100000000)
  region size 1024K, 69 young (70656K), 5 survivors (5120K)
 Metaspace       used 71389K, capacity 73122K, committed 73420K, reserved 1112064K
  class space    used 9317K, capacity 9931K, committed 9984K, reserved 1048576K
}
Event: 9.829 GC heap after
{Heap after GC invocations=15 (full 0):
 garbage-first heap   total 157696K, used 59869K [0x0000000080000000, 0x0000000100000000)
  region size 1024K, 9 young (9216K), 9 survivors (9216K)
 Metaspace       used 71389K, capacity 73122K, committed 73420K, reserved 1112064K
  class space    used 9317K, capacity 9931K, committed 9984K, reserved 1048576K
}
Event: 10.418 GC heap before
{Heap before GC invocations=15 (full 0):
 garbage-first heap   total 157696K, used 123357K [0x0000000080000000, 0x0000000100000000)
  region size 1024K, 71 young (72704K), 9 survivors (9216K)
 Metaspace       used 75364K, capacity 77107K, committed 77260K, reserved 1116160K
  class space    used 9846K, capacity 10485K, committed 10496K, reserved 1048576K
}
Event: 10.428 GC heap after
{Heap after GC invocations=16 (full 0):
 garbage-first heap   total 157696K, used 64608K [0x0000000080000000, 0x0000000100000000)
  region size 1024K, 9 young (9216K), 9 survivors (9216K)
 Metaspace       used 75364K, capacity 77107K, committed 77260K, reserved 1116160K
  class space    used 9846K, capacity 10485K, committed 10496K, reserved 1048576K
}
Event: 10.447 GC heap before
{Heap before GC invocations=16 (full 0):
 garbage-first heap   total 157696K, used 66656K [0x0000000080000000, 0x0000000100000000)
  region size 1024K, 12 young (12288K), 9 survivors (9216K)
 Metaspace       used 75533K, capacity 77267K, committed 77356K, reserved 1116160K
  class space    used 9869K, capacity 10517K, committed 10592K, reserved 1048576K
}
Event: 10.457 GC heap after
{Heap after GC invocations=17 (full 0):
 garbage-first heap   total 157696K, used 65091K [0x0000000080000000, 0x0000000100000000)
  region size 1024K, 6 young (6144K), 6 survivors (6144K)
 Metaspace       used 75533K, capacity 77267K, committed 77356K, reserved 1116160K
  class space    used 9869K, capacity 10517K, committed 10592K, reserved 1048576K
}
Event: 10.946 GC heap before
{Heap before GC invocations=18 (full 0):
 garbage-first heap   total 157696K, used 116291K [0x0000000080000000, 0x0000000100000000)
  region size 1024K, 56 young (57344K), 6 survivors (6144K)
 Metaspace       used 79152K, capacity 80912K, committed 81092K, reserved 1120256K
  class space    used 10350K, capacity 10985K, committed 11104K, reserved 1048576K
}

