# JRE version: OpenJDK Runtime Environment (11.0.12+7) (build 11.0.12+7-b1504.28-7817840)
# Java VM: OpenJDK 64-Bit Server VM (11.0.12+7-b1504.28-7817840, mixed mode, tiered, compressed oops, g1 gc, windows-amd64)
Heap:
 garbage-first heap   total 189440K, used 51978K [0x0000000080000000, 0x0000000100000000)
  region size 1024K, 5 young (5120K), 5 survivors (5120K)
 Metaspace       used 63151K, capacity 64760K, committed 64904K, reserved 1105920K
  class space    used 8037K, capacity 8616K, committed 8656K, reserved 1048576K
GC Heap History (20 events):
Event: 2.759 GC heap after
{Heap after GC invocations=3 (full 0):
 garbage-first heap   total 131072K, used 16312K [0x0000000080000000, 0x0000000100000000)
  region size 1024K, 7 young (7168K), 7 survivors (7168K)
 Metaspace       used 17549K, capacity 17903K, committed 18176K, reserved 1064960K
  class space    used 2076K, capacity 2209K, committed 2304K, reserved 1048576K
}
Event: 3.042 GC heap before
{Heap before GC invocations=3 (full 0):
 garbage-first heap   total 131072K, used 46008K [0x0000000080000000, 0x0000000100000000)
  region size 1024K, 37 young (37888K), 7 survivors (7168K)
 Metaspace       used 20755K, capacity 21149K, committed 21296K, reserved 1069056K
  class space    used 2563K, capacity 2716K, committed 2816K, reserved 1048576K
}
Event: 3.052 GC heap after
{Heap after GC invocations=4 (full 0):
 garbage-first heap   total 131072K, used 17291K [0x0000000080000000, 0x0000000100000000)
  region size 1024K, 2 young (2048K), 2 survivors (2048K)
 Metaspace       used 20755K, capacity 21149K, committed 21296K, reserved 1069056K
  class space    used 2563K, capacity 2716K, committed 2816K, reserved 1048576K
}
Event: 3.599 GC heap before
{Heap before GC invocations=5 (full 0):
 garbage-first heap   total 131072K, used 69515K [0x0000000080000000, 0x0000000100000000)
  region size 1024K, 53 young (54272K), 2 survivors (2048K)
 Metaspace       used 26378K, capacity 26929K, committed 27008K, reserved 1073152K
  class space    used 3433K, capacity 3653K, committed 3712K, reserved 1048576K
}
Event: 3.603 GC heap after
{Heap after GC invocations=6 (full 0):
 garbage-first heap   total 131072K, used 19042K [0x0000000080000000, 0x0000000100000000)
  region size 1024K, 3 young (3072K), 3 survivors (3072K)
 Metaspace       used 26378K, capacity 26929K, committed 27008K, reserved 1073152K
  class space    used 3433K, capacity 3653K, committed 3712K, reserved 1048576K
}
Event: 4.360 GC heap before
{Heap before GC invocations=6 (full 0):
 garbage-first heap   total 131072K, used 76386K [0x0000000080000000, 0x0000000100000000)
  region size 1024K, 59 young (60416K), 3 survivors (3072K)
 Metaspace       used 33277K, capacity 34068K, committed 34176K, reserved 1079296K
  class space    used 4355K, capacity 4672K, committed 4736K, reserved 1048576K
}
Event: 4.366 GC heap after
{Heap after GC invocations=7 (full 0):
 garbage-first heap   total 131072K, used 21690K [0x0000000080000000, 0x0000000100000000)
  region size 1024K, 6 young (6144K), 6 survivors (6144K)
 Metaspace       used 33277K, capacity 34068K, committed 34176K, reserved 1079296K
  class space    used 4355K, capacity 4672K, committed 4736K, reserved 1048576K
}
Event: 4.443 GC heap before
{Heap before GC invocations=7 (full 0):
 garbage-first heap   total 131072K, used 23738K [0x0000000080000000, 0x0000000100000000)
  region size 1024K, 9 young (9216K), 6 survivors (6144K)
 Metaspace       used 35011K, capacity 35835K, committed 35920K, reserved 1081344K
  class space    used 4558K, capacity 4879K, committed 4944K, reserved 1048576K
}
Event: 4.450 GC heap after
{Heap after GC invocations=8 (full 0):
 garbage-first heap   total 131072K, used 22649K [0x0000000080000000, 0x0000000100000000)
  region size 1024K, 6 young (6144K), 6 survivors (6144K)
 Metaspace       used 35011K, capacity 35835K, committed 35920K, reserved 1081344K
  class space    used 4558K, capacity 4879K, committed 4944K, reserved 1048576K
}
Event: 5.117 GC heap before
{Heap before GC invocations=9 (full 0):
 garbage-first heap   total 131072K, used 82041K [0x0000000080000000, 0x0000000100000000)
  region size 1024K, 62 young (63488K), 6 survivors (6144K)
 Metaspace       used 39422K, capacity 40369K, committed 40528K, reserved 1085440K
  class space    used 5057K, capacity 5385K, committed 5456K, reserved 1048576K
}
Event: 5.128 GC heap after
{Heap after GC invocations=10 (full 0):
 garbage-first heap   total 131072K, used 28119K [0x0000000080000000, 0x0000000100000000)
  region size 1024K, 8 young (8192K), 8 survivors (8192K)
 Metaspace       used 39422K, capacity 40369K, committed 40528K, reserved 1085440K
  class space    used 5057K, capacity 5385K, committed 5456K, reserved 1048576K
}
Event: 5.840 GC heap before
{Heap before GC invocations=10 (full 0):
 garbage-first heap   total 131072K, used 86487K [0x0000000080000000, 0x0000000100000000)
  region size 1024K, 64 young (65536K), 8 survivors (8192K)
 Metaspace       used 44649K, capacity 45778K, committed 45904K, reserved 1089536K
  class space    used 5735K, capacity 6131K, committed 6224K, reserved 1048576K
}
Event: 5.851 GC heap after
{Heap after GC invocations=11 (full 0):
 garbage-first heap   total 157696K, used 30587K [0x0000000080000000, 0x0000000100000000)
  region size 1024K, 8 young (8192K), 8 survivors (8192K)
 Metaspace       used 44649K, capacity 45778K, committed 45904K, reserved 1089536K
  class space    used 5735K, capacity 6131K, committed 6224K, reserved 1048576K
}
Event: 6.638 GC heap before
{Heap before GC invocations=11 (full 0):
 garbage-first heap   total 157696K, used 100219K [0x0000000080000000, 0x0000000100000000)
  region size 1024K, 76 young (77824K), 8 survivors (8192K)
 Metaspace       used 48171K, capacity 49414K, committed 49744K, reserved 1091584K
  class space    used 6191K, capacity 6640K, committed 6736K, reserved 1048576K
}
Event: 6.650 GC heap after
{Heap after GC invocations=12 (full 0):
 garbage-first heap   total 157696K, used 34303K [0x0000000080000000, 0x0000000100000000)
  region size 1024K, 7 young (7168K), 7 survivors (7168K)
 Metaspace       used 48171K, capacity 49414K, committed 49744K, reserved 1091584K
  class space    used 6191K, capacity 6640K, committed 6736K, reserved 1048576K
}
Event: 7.928 GC heap before
{Heap before GC invocations=12 (full 0):
 garbage-first heap   total 157696K, used 121343K [0x0000000080000000, 0x0000000100000000)
  region size 1024K, 88 young (90112K), 7 survivors (7168K)
 Metaspace       used 57243K, capacity 58731K, committed 58832K, reserved 1099776K
  class space    used 7284K, capacity 7806K, committed 7888K, reserved 1048576K
}
Event: 7.940 GC heap after
{Heap after GC invocations=13 (full 0):
 garbage-first heap   total 157696K, used 46714K [0x0000000080000000, 0x0000000100000000)
  region size 1024K, 11 young (11264K), 11 survivors (11264K)
 Metaspace       used 57243K, capacity 58731K, committed 58832K, reserved 1099776K
  class space    used 7284K, capacity 7806K, committed 7888K, reserved 1048576K
}
Event: 8.075 GC heap before
{Heap before GC invocations=13 (full 0):
 garbage-first heap   total 157696K, used 54906K [0x0000000080000000, 0x0000000100000000)
  region size 1024K, 20 young (20480K), 11 survivors (11264K)
 Metaspace       used 58650K, capacity 60098K, committed 60296K, reserved 1101824K
  class space    used 7487K, capacity 8028K, committed 8144K, reserved 1048576K
}
Event: 8.090 GC heap after
{Heap after GC invocations=14 (full 0):
 garbage-first heap   total 157696K, used 49051K [0x0000000080000000, 0x0000000100000000)
  region size 1024K, 2 young (2048K), 2 survivors (2048K)
 Metaspace       used 58650K, capacity 60098K, committed 60296K, reserved 1101824K
  class space    used 7487K, capacity 8028K, committed 8144K, reserved 1048576K
}
Event: 8.713 GC heap before
{Heap before GC invocations=15 (full 0):
 garbage-first heap   total 157696K, used 93083K [0x0000000080000000, 0x0000000100000000)
  region size 1024K, 46 young (47104K), 2 survivors (2048K)
 Metaspace       used 63151K, capacity 64760K, committed 64904K, reserved 1105920K
  class space    used 8037K, capacity 8616K, committed 8656K, reserved 1048576K
}

