# JRE version: OpenJDK Runtime Environment (11.0.12+7) (build 11.0.12+7-b1504.28-7817840)
# Java VM: OpenJDK 64-Bit Server VM (11.0.12+7-b1504.28-7817840, mixed mode, tiered, compressed oops, g1 gc, windows-amd64)
Heap:
 garbage-first heap   total 189440K, used 100994K [0x0000000080000000, 0x0000000100000000)
  region size 1024K, 49 young (50176K), 11 survivors (11264K)
 Metaspace       used 75428K, capacity 77194K, committed 77228K, reserved 1116160K
  class space    used 9855K, capacity 10466K, committed 10496K, reserved 1048576K
GC Heap History (20 events):
Event: 2.739 GC heap before
{Heap before GC invocations=2 (full 0):
 garbage-first heap   total 131072K, used 43668K [0x0000000080000000, 0x0000000100000000)
  region size 1024K, 38 young (38912K), 10 survivors (10240K)
 Metaspace       used 20690K, capacity 21086K, committed 21248K, reserved 1067008K
  class space    used 2550K, capacity 2711K, committed 2816K, reserved 1048576K
}
Event: 2.747 GC heap after
{Heap after GC invocations=3 (full 0):
 garbage-first heap   total 131072K, used 17149K [0x0000000080000000, 0x0000000100000000)
  region size 1024K, 2 young (2048K), 2 survivors (2048K)
 Metaspace       used 20690K, capacity 21086K, committed 21248K, reserved 1067008K
  class space    used 2550K, capacity 2711K, committed 2816K, reserved 1048576K
}
Event: 3.359 GC heap before
{Heap before GC invocations=4 (full 0):
 garbage-first heap   total 131072K, used 75517K [0x0000000080000000, 0x0000000100000000)
  region size 1024K, 59 young (60416K), 2 survivors (2048K)
 Metaspace       used 26834K, capacity 27440K, committed 27648K, reserved 1073152K
  class space    used 3502K, capacity 3733K, committed 3840K, reserved 1048576K
}
Event: 3.363 GC heap after
{Heap after GC invocations=5 (full 0):
 garbage-first heap   total 131072K, used 19050K [0x0000000080000000, 0x0000000100000000)
  region size 1024K, 4 young (4096K), 4 survivors (4096K)
 Metaspace       used 26834K, capacity 27440K, committed 27648K, reserved 1073152K
  class space    used 3502K, capacity 3733K, committed 3840K, reserved 1048576K
}
Event: 4.101 GC heap before
{Heap before GC invocations=5 (full 0):
 garbage-first heap   total 131072K, used 73322K [0x0000000080000000, 0x0000000100000000)
  region size 1024K, 58 young (59392K), 4 survivors (4096K)
 Metaspace       used 34873K, capacity 35734K, committed 35840K, reserved 1081344K
  class space    used 4531K, capacity 4839K, committed 4864K, reserved 1048576K
}
Event: 4.115 GC heap after
{Heap after GC invocations=6 (full 0):
 garbage-first heap   total 131072K, used 22039K [0x0000000080000000, 0x0000000100000000)
  region size 1024K, 6 young (6144K), 6 survivors (6144K)
 Metaspace       used 34873K, capacity 35734K, committed 35840K, reserved 1081344K
  class space    used 4531K, capacity 4839K, committed 4864K, reserved 1048576K
}
Event: 4.887 GC heap before
{Heap before GC invocations=7 (full 0):
 garbage-first heap   total 131072K, used 91671K [0x0000000080000000, 0x0000000100000000)
  region size 1024K, 72 young (73728K), 6 survivors (6144K)
 Metaspace       used 40202K, capacity 41171K, committed 41344K, reserved 1085440K
  class space    used 5144K, capacity 5474K, committed 5504K, reserved 1048576K
}
Event: 4.896 GC heap after
{Heap after GC invocations=8 (full 0):
 garbage-first heap   total 131072K, used 27557K [0x0000000080000000, 0x0000000100000000)
  region size 1024K, 9 young (9216K), 9 survivors (9216K)
 Metaspace       used 40202K, capacity 41171K, committed 41344K, reserved 1085440K
  class space    used 5144K, capacity 5474K, committed 5504K, reserved 1048576K
}
Event: 5.631 GC heap before
{Heap before GC invocations=8 (full 0):
 garbage-first heap   total 131072K, used 94117K [0x0000000080000000, 0x0000000100000000)
  region size 1024K, 73 young (74752K), 9 survivors (9216K)
 Metaspace       used 45891K, capacity 46969K, committed 47104K, reserved 1089536K
  class space    used 5918K, capacity 6290K, committed 6400K, reserved 1048576K
}
Event: 5.641 GC heap after
{Heap after GC invocations=9 (full 0):
 garbage-first heap   total 157696K, used 29643K [0x0000000080000000, 0x0000000100000000)
  region size 1024K, 3 young (3072K), 3 survivors (3072K)
 Metaspace       used 45891K, capacity 46969K, committed 47104K, reserved 1089536K
  class space    used 5918K, capacity 6290K, committed 6400K, reserved 1048576K
}
Event: 6.587 GC heap before
{Heap before GC invocations=9 (full 0):
 garbage-first heap   total 157696K, used 111563K [0x0000000080000000, 0x0000000100000000)
  region size 1024K, 80 young (81920K), 3 survivors (3072K)
 Metaspace       used 49286K, capacity 50732K, committed 50944K, reserved 1093632K
  class space    used 6327K, capacity 6823K, committed 6912K, reserved 1048576K
}
Event: 6.599 GC heap after
{Heap after GC invocations=10 (full 0):
 garbage-first heap   total 157696K, used 44032K [0x0000000080000000, 0x0000000100000000)
  region size 1024K, 10 young (10240K), 10 survivors (10240K)
 Metaspace       used 49286K, capacity 50732K, committed 50944K, reserved 1093632K
  class space    used 6327K, capacity 6823K, committed 6912K, reserved 1048576K
}
Event: 7.601 GC heap before
{Heap before GC invocations=10 (full 0):
 garbage-first heap   total 157696K, used 106496K [0x0000000080000000, 0x0000000100000000)
  region size 1024K, 72 young (73728K), 10 survivors (10240K)
 Metaspace       used 58364K, capacity 59797K, committed 59948K, reserved 1101824K
  class space    used 7456K, capacity 7964K, committed 8064K, reserved 1048576K
}
Event: 7.630 GC heap after
{Heap after GC invocations=11 (full 0):
 garbage-first heap   total 157696K, used 47054K [0x0000000080000000, 0x0000000100000000)
  region size 1024K, 3 young (3072K), 3 survivors (3072K)
 Metaspace       used 58364K, capacity 59797K, committed 59948K, reserved 1101824K
  class space    used 7456K, capacity 7964K, committed 8064K, reserved 1048576K
}
Event: 8.812 GC heap before
{Heap before GC invocations=12 (full 0):
 garbage-first heap   total 157696K, used 115662K [0x0000000080000000, 0x0000000100000000)
  region size 1024K, 69 young (70656K), 3 survivors (3072K)
 Metaspace       used 64913K, capacity 66530K, committed 66604K, reserved 1107968K
  class space    used 8274K, capacity 8832K, committed 8832K, reserved 1048576K
}
Event: 8.832 GC heap after
{Heap after GC invocations=13 (full 0):
 garbage-first heap   total 157696K, used 52546K [0x0000000080000000, 0x0000000100000000)
  region size 1024K, 8 young (8192K), 8 survivors (8192K)
 Metaspace       used 64913K, capacity 66530K, committed 66604K, reserved 1107968K
  class space    used 8274K, capacity 8832K, committed 8832K, reserved 1048576K
}
Event: 9.628 GC heap before
{Heap before GC invocations=14 (full 0):
 garbage-first heap   total 157696K, used 119106K [0x0000000080000000, 0x0000000100000000)
  region size 1024K, 73 young (74752K), 8 survivors (8192K)
 Metaspace       used 67664K, capacity 69370K, committed 69676K, reserved 1110016K
  class space    used 8702K, capacity 9303K, committed 9344K, reserved 1048576K
}
Event: 9.642 GC heap after
{Heap after GC invocations=15 (full 0):
 garbage-first heap   total 189440K, used 57013K [0x0000000080000000, 0x0000000100000000)
  region size 1024K, 6 young (6144K), 6 survivors (6144K)
 Metaspace       used 67664K, capacity 69370K, committed 69676K, reserved 1110016K
  class space    used 8702K, capacity 9303K, committed 9344K, reserved 1048576K
}
Event: 10.627 GC heap before
{Heap before GC invocations=15 (full 0):
 garbage-first heap   total 189440K, used 133813K [0x0000000080000000, 0x0000000100000000)
  region size 1024K, 81 young (82944K), 6 survivors (6144K)
 Metaspace       used 71848K, capacity 73617K, committed 73772K, reserved 1114112K
  class space    used 9378K, capacity 10004K, committed 10112K, reserved 1048576K
}
Event: 10.643 GC heap after
{Heap after GC invocations=16 (full 0):
 garbage-first heap   total 189440K, used 63106K [0x0000000080000000, 0x0000000100000000)
  region size 1024K, 11 young (11264K), 11 survivors (11264K)
 Metaspace       used 71848K, capacity 73617K, committed 73772K, reserved 1114112K
  class space    used 9378K, capacity 10004K, committed 10112K, reserved 1048576K
}

